2025-11-14 02:39:30,161 - INFO - ✅ 自营销售导出列表_日_20251104114909.xls - Sheet0 | 数据行数: 4 | 数据列数: 16 | 数值列数: 9 | 空值率: 6.25%
2025-11-14 02:39:30,176 - INFO - ✅ 门店销售明细11月.csv - 门店销售明细11月.csv | 数据行数: 441 | 数据列数: 14 | 数值列数: 7 | 空值率: 0.00%
2025-11-14 02:39:30,177 - INFO - ==================================================
2025-11-14 02:39:30,177 - INFO - 📋 列名映射报告
2025-11-14 02:39:30,186 - INFO - ==================================================
2025-11-14 02:39:30,194 - INFO - 
文件: 自营销售导出列表_日_20251104114909.xls-Sheet0
2025-11-14 02:39:30,202 - INFO -   ✓ 国条码 → 商品条码 [精确匹配]
2025-11-14 02:39:30,210 - INFO -   ✓ 销售数量 → 数量 [精确匹配]
2025-11-14 02:39:30,219 - INFO -   ✓ 含税销售金额/元 → 含税销售额/元 [精确匹配]
2025-11-14 02:39:30,226 - INFO - 
文件: 门店销售明细11月.csv-门店销售明细11月.csv
2025-11-14 02:39:30,234 - INFO -   ✓ 品牌名称 → 品牌 [精确匹配]
2025-11-14 02:39:30,241 - INFO -   ✓ 销售数量 → 数量 [精确匹配]
2025-11-14 02:39:30,249 - INFO -   ✓ 最终销售金额(销售金额+优惠券金额) → 含税销售额/元 [精确匹配]
2025-11-14 02:39:30,257 - INFO - 
⚠️  未映射的列（保持原列名）:
2025-11-14 02:39:30,265 - INFO -   • 供商卡号
2025-11-14 02:39:30,273 - INFO -   • 供商名称
2025-11-14 02:39:30,281 - INFO -   • 门店编码
2025-11-14 02:39:30,288 - INFO -   • 门店名称
2025-11-14 02:39:30,301 - INFO -   • 单位
2025-11-14 02:39:30,309 - INFO -   • 未税销售成本/元
2025-11-14 02:39:30,316 - INFO -   • 含税销售成本/元
2025-11-14 02:39:30,324 - INFO -   • 销售金额
2025-11-14 02:39:30,331 - INFO -   • 促销扣款
2025-11-14 02:39:30,339 - INFO -   • 优惠券金额
2025-11-14 02:39:30,346 - INFO - 
💡 提示: 如需统一这些列名，请在"列名映射配置"中添加相应规则
2025-11-14 02:39:30,353 - INFO - ==================================================
2025-11-14 02:39:30,378 - INFO - 📊 合并完成 | 总计 445 行 × 19 列
2025-11-14 02:39:30,381 - INFO - ==================================================
2025-11-14 02:39:30,387 - INFO - 📊 数据质量报告
2025-11-14 02:39:30,388 - INFO - ==================================================
2025-11-14 02:39:30,389 - INFO - 总行数: 445
2025-11-14 02:39:30,396 - INFO - 总列数: 19
2025-11-14 02:39:30,404 - INFO - 重复行数: 0
2025-11-14 02:39:30,411 - INFO - 
空值情况（仅显示空值率>0的列）:
2025-11-14 02:39:30,419 - INFO -   • 供商卡号: 441 行 (99.1%)
2025-11-14 02:39:30,426 - INFO -   • 供商名称: 441 行 (99.1%)
2025-11-14 02:39:30,433 - INFO -   • 品牌: 4 行 (0.9%)
2025-11-14 02:39:30,441 - INFO -   • 单位: 441 行 (99.1%)
2025-11-14 02:39:30,448 - INFO -   • 未税销售成本/元: 441 行 (99.1%)
2025-11-14 02:39:30,456 - INFO -   • 含税销售成本/元: 441 行 (99.1%)
2025-11-14 02:39:30,463 - INFO -   • 销售金额: 4 行 (0.9%)
2025-11-14 02:39:30,471 - INFO -   • 促销扣款: 4 行 (0.9%)
2025-11-14 02:39:30,479 - INFO -   • 优惠券金额: 4 行 (0.9%)
2025-11-14 02:39:30,479 - INFO - ==================================================
2025-11-14 02:39:30,535 - INFO - 💾 合并完成，文件已保存至: /Users/armewang/Downloads/123.xlsx
