2025-11-09 08:45:41,222 - INFO - ✅ 自营销售导出列表_日_20251104114909.xls - Sheet0 | 数据行数: 4 | 数据列数: 14 | 数值列数: 8 | 空值率: 7.14%
2025-11-09 08:45:41,239 - INFO - ✅ 门店销售明细11月.csv - 门店销售明细11月.csv | 数据行数: 441 | 数据列数: 14 | 数值列数: 7 | 空值率: 0.00%
2025-11-09 08:45:41,239 - INFO - ==================================================
2025-11-09 08:45:41,240 - INFO - 📋 列名映射报告
2025-11-09 08:45:41,248 - INFO - ==================================================
2025-11-09 08:45:41,258 - INFO - 
文件: 自营销售导出列表_日_20251104114909.xls-Sheet0
2025-11-09 08:45:41,266 - INFO -   ✓ 国条码 → 商品条码 [精确匹配]
2025-11-09 08:45:41,274 - INFO -   ✓ 销售数量 → 数量 [精确匹配]
2025-11-09 08:45:41,282 - INFO -   ✓ 含税销售金额/元 → 含税销售额/元 [精确匹配]
2025-11-09 08:45:41,290 - INFO - 
文件: 门店销售明细11月.csv-门店销售明细11月.csv
2025-11-09 08:45:41,297 - INFO -   ✓ 品牌名称 → 品牌 [精确匹配]
2025-11-09 08:45:41,305 - INFO -   ✓ 销售数量 → 数量 [精确匹配]
2025-11-09 08:45:41,313 - INFO -   ✓ 最终销售金额(销售金额+优惠券金额) → 含税销售额/元 [精确匹配]
2025-11-09 08:45:41,320 - INFO - 
⚠️  未映射的列（保持原列名）:
2025-11-09 08:45:41,329 - INFO -   • 供商卡号
2025-11-09 08:45:41,337 - INFO -   • 供商名称
2025-11-09 08:45:41,345 - INFO -   • 门店编码
2025-11-09 08:45:41,352 - INFO -   • 门店名称
2025-11-09 08:45:41,365 - INFO -   • 单位
2025-11-09 08:45:41,373 - INFO -   • 未税销售成本/元
2025-11-09 08:45:41,381 - INFO -   • 含税销售成本/元
2025-11-09 08:45:41,388 - INFO -   • 销售金额
2025-11-09 08:45:41,396 - INFO -   • 促销扣款
2025-11-09 08:45:41,403 - INFO -   • 优惠券金额
2025-11-09 08:45:41,411 - INFO - 
💡 提示: 如需统一这些列名，请在"列名映射配置"中添加相应规则
2025-11-09 08:45:41,419 - INFO - ==================================================
2025-11-09 08:45:41,427 - INFO - ==================================================
2025-11-09 08:45:41,434 - INFO - 🗑️  列删除信息
2025-11-09 08:45:41,442 - INFO - ==================================================
2025-11-09 08:45:41,451 - INFO - 将删除以下 2 列：
2025-11-09 08:45:41,458 - INFO -   • 供商卡号
2025-11-09 08:45:41,466 - INFO -   • 供商名称
2025-11-09 08:45:41,474 - INFO - ==================================================
2025-11-09 08:45:41,496 - INFO - 📊 合并完成 | 总计 445 行 × 17 列
2025-11-09 08:45:41,499 - INFO - ==================================================
2025-11-09 08:45:41,500 - INFO - 📊 数据质量报告
2025-11-09 08:45:41,507 - INFO - ==================================================
2025-11-09 08:45:41,515 - INFO - 总行数: 445
2025-11-09 08:45:41,523 - INFO - 总列数: 17
2025-11-09 08:45:41,530 - INFO - 重复行数: 0
2025-11-09 08:45:41,538 - INFO - 
空值情况（仅显示空值率>0的列）:
2025-11-09 08:45:41,546 - INFO -   • 品牌: 4 行 (0.9%)
2025-11-09 08:45:41,553 - INFO -   • 单位: 441 行 (99.1%)
2025-11-09 08:45:41,561 - INFO -   • 未税销售成本/元: 441 行 (99.1%)
2025-11-09 08:45:41,568 - INFO -   • 含税销售成本/元: 441 行 (99.1%)
2025-11-09 08:45:41,577 - INFO -   • 销售金额: 4 行 (0.9%)
2025-11-09 08:45:41,584 - INFO -   • 促销扣款: 4 行 (0.9%)
2025-11-09 08:45:41,592 - INFO -   • 优惠券金额: 4 行 (0.9%)
2025-11-09 08:45:41,600 - INFO - ==================================================
2025-11-09 08:45:41,654 - INFO - 💾 合并完成，文件已保存至: /Users/armewang/Downloads/123.xlsx
2025-11-09 08:57:41,206 - INFO - ⚠️  列扫描失败: 不支持的文件类型: /Users/armewang/Downloads/数据理解报告.md
