2025-11-10 19:16:27,285 - INFO - ✅ 自营销售导出列表_日_20251104114909.xls - Sheet0 | 数据行数: 4 | 数据列数: 16 | 数值列数: 9 | 空值率: 6.25%
2025-11-10 19:16:27,306 - INFO - ✅ 门店销售明细11月.csv - 门店销售明细11月.csv | 数据行数: 441 | 数据列数: 14 | 数值列数: 7 | 空值率: 0.00%
2025-11-10 19:16:27,306 - INFO - ==================================================
2025-11-10 19:16:27,307 - INFO - 📋 列名映射报告
2025-11-10 19:16:27,315 - INFO - ==================================================
2025-11-10 19:16:27,324 - INFO - 
文件: 自营销售导出列表_日_20251104114909.xls-Sheet0
2025-11-10 19:16:27,332 - INFO -   ✓ 国条码 → 商品条码 [精确匹配]
2025-11-10 19:16:27,340 - INFO -   ✓ 销售数量 → 数量 [精确匹配]
2025-11-10 19:16:27,348 - INFO -   ✓ 含税销售金额/元 → 含税销售额/元 [精确匹配]
2025-11-10 19:16:27,356 - INFO - 
文件: 门店销售明细11月.csv-门店销售明细11月.csv
2025-11-10 19:16:27,364 - INFO -   ✓ 品牌名称 → 品牌 [精确匹配]
2025-11-10 19:16:27,372 - INFO -   ✓ 销售数量 → 数量 [精确匹配]
2025-11-10 19:16:27,379 - INFO -   ✓ 最终销售金额(销售金额+优惠券金额) → 含税销售额/元 [精确匹配]
2025-11-10 19:16:27,387 - INFO - 
⚠️  未映射的列（保持原列名）:
2025-11-10 19:16:27,400 - INFO -   • 供商卡号
2025-11-10 19:16:27,408 - INFO -   • 供商名称
2025-11-10 19:16:27,422 - INFO -   • 门店编码
2025-11-10 19:16:27,430 - INFO -   • 门店名称
2025-11-10 19:16:27,438 - INFO -   • 单位
2025-11-10 19:16:27,446 - INFO -   • 未税销售成本/元
2025-11-10 19:16:27,453 - INFO -   • 含税销售成本/元
2025-11-10 19:16:27,461 - INFO -   • 销售金额
2025-11-10 19:16:27,469 - INFO -   • 促销扣款
2025-11-10 19:16:27,476 - INFO -   • 优惠券金额
2025-11-10 19:16:27,484 - INFO - 
💡 提示: 如需统一这些列名，请在"列名映射配置"中添加相应规则
2025-11-10 19:16:27,492 - INFO - ==================================================
2025-11-10 19:16:27,517 - INFO - 📊 合并完成 | 总计 445 行 × 19 列
2025-11-10 19:16:27,521 - INFO - ==================================================
2025-11-10 19:16:27,528 - INFO - 📊 数据质量报告
2025-11-10 19:16:27,536 - INFO - ==================================================
2025-11-10 19:16:27,543 - INFO - 总行数: 445
2025-11-10 19:16:27,551 - INFO - 总列数: 19
2025-11-10 19:16:27,558 - INFO - 重复行数: 0
2025-11-10 19:16:27,566 - INFO - 
空值情况（仅显示空值率>0的列）:
2025-11-10 19:16:27,573 - INFO -   • 供商卡号: 441 行 (99.1%)
2025-11-10 19:16:27,581 - INFO -   • 供商名称: 441 行 (99.1%)
2025-11-10 19:16:27,588 - INFO -   • 品牌: 4 行 (0.9%)
2025-11-10 19:16:27,596 - INFO -   • 单位: 441 行 (99.1%)
2025-11-10 19:16:27,604 - INFO -   • 未税销售成本/元: 441 行 (99.1%)
2025-11-10 19:16:27,611 - INFO -   • 含税销售成本/元: 441 行 (99.1%)
2025-11-10 19:16:27,619 - INFO -   • 销售金额: 4 行 (0.9%)
2025-11-10 19:16:27,626 - INFO -   • 促销扣款: 4 行 (0.9%)
2025-11-10 19:16:27,634 - INFO -   • 优惠券金额: 4 行 (0.9%)
2025-11-10 19:16:27,642 - INFO - ==================================================
2025-11-10 19:16:27,698 - INFO - 💾 合并完成，文件已保存至: /Users/armewang/Downloads/123.xlsx
2025-11-10 19:18:16,502 - INFO - ✅ 自营销售导出列表_日_20251104114909.xls - Sheet0 | 数据行数: 4 | 数据列数: 14 | 数值列数: 8 | 空值率: 7.14%
2025-11-10 19:18:16,534 - INFO - ✅ 门店销售明细11月.csv - 门店销售明细11月.csv | 数据行数: 441 | 数据列数: 14 | 数值列数: 7 | 空值率: 0.00%
2025-11-10 19:18:16,535 - INFO - ==================================================
2025-11-10 19:18:16,537 - INFO - 📋 列名映射报告
2025-11-10 19:18:16,546 - INFO - ==================================================
2025-11-10 19:18:16,554 - INFO - 
文件: 自营销售导出列表_日_20251104114909.xls-Sheet0
2025-11-10 19:18:16,563 - INFO -   ✓ 国条码 → 商品条码 [精确匹配]
2025-11-10 19:18:16,571 - INFO -   ✓ 销售数量 → 数量 [精确匹配]
2025-11-10 19:18:16,579 - INFO -   ✓ 含税销售金额/元 → 含税销售额/元 [精确匹配]
2025-11-10 19:18:16,586 - INFO - 
文件: 门店销售明细11月.csv-门店销售明细11月.csv
2025-11-10 19:18:16,594 - INFO -   ✓ 品牌名称 → 品牌 [精确匹配]
2025-11-10 19:18:16,602 - INFO -   ✓ 销售数量 → 数量 [精确匹配]
2025-11-10 19:18:16,610 - INFO -   ✓ 最终销售金额(销售金额+优惠券金额) → 含税销售额/元 [精确匹配]
2025-11-10 19:18:16,618 - INFO - 
⚠️  未映射的列（保持原列名）:
2025-11-10 19:18:16,626 - INFO -   • 供商卡号
2025-11-10 19:18:16,646 - INFO -   • 供商名称
2025-11-10 19:18:16,654 - INFO -   • 门店编码
2025-11-10 19:18:16,662 - INFO -   • 门店名称
2025-11-10 19:18:16,669 - INFO -   • 单位
2025-11-10 19:18:16,677 - INFO -   • 未税销售成本/元
2025-11-10 19:18:16,684 - INFO -   • 含税销售成本/元
2025-11-10 19:18:16,692 - INFO -   • 销售金额
2025-11-10 19:18:16,699 - INFO -   • 促销扣款
2025-11-10 19:18:16,707 - INFO -   • 优惠券金额
2025-11-10 19:18:16,714 - INFO - 
💡 提示: 如需统一这些列名，请在"列名映射配置"中添加相应规则
2025-11-10 19:18:16,722 - INFO - ==================================================
2025-11-10 19:18:16,730 - INFO - ==================================================
2025-11-10 19:18:16,737 - INFO - 🗑️  列删除信息
2025-11-10 19:18:16,745 - INFO - ==================================================
2025-11-10 19:18:16,753 - INFO - 将删除以下 2 列：
2025-11-10 19:18:16,760 - INFO -   • 供商卡号
2025-11-10 19:18:16,768 - INFO -   • 供商名称
2025-11-10 19:18:16,775 - INFO - ==================================================
2025-11-10 19:18:16,798 - INFO - 📊 合并完成 | 总计 445 行 × 17 列
2025-11-10 19:18:16,800 - INFO - ==================================================
2025-11-10 19:18:16,800 - INFO - 📊 数据质量报告
2025-11-10 19:18:16,808 - INFO - ==================================================
2025-11-10 19:18:16,816 - INFO - 总行数: 445
2025-11-10 19:18:16,823 - INFO - 总列数: 17
2025-11-10 19:18:16,831 - INFO - 重复行数: 0
2025-11-10 19:18:16,838 - INFO - 
空值情况（仅显示空值率>0的列）:
2025-11-10 19:18:16,845 - INFO -   • 品牌: 4 行 (0.9%)
2025-11-10 19:18:16,853 - INFO -   • 单位: 441 行 (99.1%)
2025-11-10 19:18:16,860 - INFO -   • 未税销售成本/元: 441 行 (99.1%)
2025-11-10 19:18:16,868 - INFO -   • 含税销售成本/元: 441 行 (99.1%)
2025-11-10 19:18:16,876 - INFO -   • 销售金额: 4 行 (0.9%)
2025-11-10 19:18:16,883 - INFO -   • 促销扣款: 4 行 (0.9%)
2025-11-10 19:18:16,891 - INFO -   • 优惠券金额: 4 行 (0.9%)
2025-11-10 19:18:16,898 - INFO - ==================================================
2025-11-10 19:18:16,954 - INFO - 💾 合并完成，文件已保存至: /Users/armewang/Downloads/345.xlsx
