2025-11-13 06:57:46,999 - INFO - ✅ 自营销售导出列表_日_20251104114909.xls - Sheet0 | 数据行数: 4 | 数据列数: 16 | 数值列数: 9 | 空值率: 6.25%
2025-11-13 06:57:47,014 - INFO - ✅ 门店销售明细11月.csv - 门店销售明细11月.csv | 数据行数: 441 | 数据列数: 14 | 数值列数: 7 | 空值率: 0.00%
2025-11-13 06:57:47,014 - INFO - ==================================================
2025-11-13 06:57:47,015 - INFO - 📋 列名映射报告
2025-11-13 06:57:47,024 - INFO - ==================================================
2025-11-13 06:57:47,033 - INFO - 
文件: 自营销售导出列表_日_20251104114909.xls-Sheet0
2025-11-13 06:57:47,041 - INFO -   ✓ 国条码 → 商品条码 [精确匹配]
2025-11-13 06:57:47,049 - INFO -   ✓ 销售数量 → 数量 [精确匹配]
2025-11-13 06:57:47,057 - INFO -   ✓ 含税销售金额/元 → 含税销售额/元 [精确匹配]
2025-11-13 06:57:47,065 - INFO - 
文件: 门店销售明细11月.csv-门店销售明细11月.csv
2025-11-13 06:57:47,072 - INFO -   ✓ 品牌名称 → 品牌 [精确匹配]
2025-11-13 06:57:47,081 - INFO -   ✓ 销售数量 → 数量 [精确匹配]
2025-11-13 06:57:47,088 - INFO -   ✓ 最终销售金额(销售金额+优惠券金额) → 含税销售额/元 [精确匹配]
2025-11-13 06:57:47,089 - INFO - 
⚠️  未映射的列（保持原列名）:
2025-11-13 06:57:47,097 - INFO -   • 供商卡号
2025-11-13 06:57:47,104 - INFO -   • 供商名称
2025-11-13 06:57:47,118 - INFO -   • 门店编码
2025-11-13 06:57:47,126 - INFO -   • 门店名称
2025-11-13 06:57:47,133 - INFO -   • 单位
2025-11-13 06:57:47,140 - INFO -   • 未税销售成本/元
2025-11-13 06:57:47,148 - INFO -   • 含税销售成本/元
2025-11-13 06:57:47,155 - INFO -   • 销售金额
2025-11-13 06:57:47,163 - INFO -   • 促销扣款
2025-11-13 06:57:47,170 - INFO -   • 优惠券金额
2025-11-13 06:57:47,177 - INFO - 
💡 提示: 如需统一这些列名，请在"列名映射配置"中添加相应规则
2025-11-13 06:57:47,185 - INFO - ==================================================
2025-11-13 06:57:47,209 - INFO - 📊 合并完成 | 总计 445 行 × 19 列
2025-11-13 06:57:47,212 - INFO - ==================================================
2025-11-13 06:57:47,212 - INFO - 📊 数据质量报告
2025-11-13 06:57:47,220 - INFO - ==================================================
2025-11-13 06:57:47,227 - INFO - 总行数: 445
2025-11-13 06:57:47,235 - INFO - 总列数: 19
2025-11-13 06:57:47,242 - INFO - 重复行数: 0
2025-11-13 06:57:47,250 - INFO - 
空值情况（仅显示空值率>0的列）:
2025-11-13 06:57:47,257 - INFO -   • 供商卡号: 441 行 (99.1%)
2025-11-13 06:57:47,264 - INFO -   • 供商名称: 441 行 (99.1%)
2025-11-13 06:57:47,272 - INFO -   • 品牌: 4 行 (0.9%)
2025-11-13 06:57:47,272 - INFO -   • 单位: 441 行 (99.1%)
2025-11-13 06:57:47,273 - INFO -   • 未税销售成本/元: 441 行 (99.1%)
2025-11-13 06:57:47,273 - INFO -   • 含税销售成本/元: 441 行 (99.1%)
2025-11-13 06:57:47,273 - INFO -   • 销售金额: 4 行 (0.9%)
2025-11-13 06:57:47,274 - INFO -   • 促销扣款: 4 行 (0.9%)
2025-11-13 06:57:47,282 - INFO -   • 优惠券金额: 4 行 (0.9%)
2025-11-13 06:57:47,289 - INFO - ==================================================
2025-11-13 06:57:47,345 - INFO - 💾 合并完成，文件已保存至: /Users/armewang/Downloads/123.xlsx
