2025-11-16 21:04:30,969 - INFO - ✅ 自营销售导出列表_日_20251104114909.xls - Sheet0 | 数据行数: 4 | 数据列数: 15 | 数值列数: 8 | 空值率: 6.67%
2025-11-16 21:04:30,985 - INFO - ✅ 门店销售明细11月.csv - 门店销售明细11月.csv | 数据行数: 441 | 数据列数: 14 | 数值列数: 7 | 空值率: 0.00%
2025-11-16 21:04:30,985 - INFO - ==================================================
2025-11-16 21:04:30,986 - INFO - 📋 列名映射报告
2025-11-16 21:04:30,994 - INFO - ==================================================
2025-11-16 21:04:31,003 - INFO - 
文件: 自营销售导出列表_日_20251104114909.xls-Sheet0
2025-11-16 21:04:31,012 - INFO -   ✓ 国条码 → 商品条码 [精确匹配]
2025-11-16 21:04:31,019 - INFO -   ✓ 销售数量 → 数量 [精确匹配]
2025-11-16 21:04:31,028 - INFO -   ✓ 含税销售金额/元 → 含税销售额/元 [精确匹配]
2025-11-16 21:04:31,036 - INFO - 
文件: 门店销售明细11月.csv-门店销售明细11月.csv
2025-11-16 21:04:31,044 - INFO -   ✓ 品牌名称 → 品牌 [精确匹配]
2025-11-16 21:04:31,052 - INFO -   ✓ 销售数量 → 数量 [精确匹配]
2025-11-16 21:04:31,060 - INFO -   ✓ 最终销售金额(销售金额+优惠券金额) → 含税销售额/元 [精确匹配]
2025-11-16 21:04:31,068 - INFO - 
⚠️  未映射的列（保持原列名）:
2025-11-16 21:04:31,076 - INFO -   • 供商卡号
2025-11-16 21:04:31,084 - INFO -   • 供商名称
2025-11-16 21:04:31,099 - INFO -   • 门店编码
2025-11-16 21:04:31,107 - INFO -   • 门店名称
2025-11-16 21:04:31,114 - INFO -   • 单位
2025-11-16 21:04:31,122 - INFO -   • 未税销售成本/元
2025-11-16 21:04:31,130 - INFO -   • 含税销售成本/元
2025-11-16 21:04:31,138 - INFO -   • 销售金额
2025-11-16 21:04:31,146 - INFO -   • 促销扣款
2025-11-16 21:04:31,154 - INFO -   • 优惠券金额
2025-11-16 21:04:31,161 - INFO - 
💡 提示: 如需统一这些列名，请在"列名映射配置"中添加相应规则
2025-11-16 21:04:31,170 - INFO - ==================================================
2025-11-16 21:04:31,178 - INFO - ==================================================
2025-11-16 21:04:31,186 - INFO - 🗑️  列删除信息
2025-11-16 21:04:31,193 - INFO - ==================================================
2025-11-16 21:04:31,202 - INFO - 将删除以下 1 列：
2025-11-16 21:04:31,210 - INFO -   • 供商卡号
2025-11-16 21:04:31,218 - INFO - ==================================================
2025-11-16 21:04:31,241 - INFO - 📊 合并完成 | 总计 445 行 × 18 列
2025-11-16 21:04:31,244 - INFO - ==================================================
2025-11-16 21:04:31,244 - INFO - 📊 数据质量报告
2025-11-16 21:04:31,252 - INFO - ==================================================
2025-11-16 21:04:31,260 - INFO - 总行数: 445
2025-11-16 21:04:31,268 - INFO - 总列数: 18
2025-11-16 21:04:31,275 - INFO - 重复行数: 0
2025-11-16 21:04:31,283 - INFO - 
空值情况（仅显示空值率>0的列）:
2025-11-16 21:04:31,291 - INFO -   • 供商名称: 441 行 (99.1%)
2025-11-16 21:04:31,299 - INFO -   • 品牌: 4 行 (0.9%)
2025-11-16 21:04:31,307 - INFO -   • 单位: 441 行 (99.1%)
2025-11-16 21:04:31,315 - INFO -   • 未税销售成本/元: 441 行 (99.1%)
2025-11-16 21:04:31,322 - INFO -   • 含税销售成本/元: 441 行 (99.1%)
2025-11-16 21:04:31,331 - INFO -   • 销售金额: 4 行 (0.9%)
2025-11-16 21:04:31,338 - INFO -   • 促销扣款: 4 行 (0.9%)
2025-11-16 21:04:31,347 - INFO -   • 优惠券金额: 4 行 (0.9%)
2025-11-16 21:04:31,354 - INFO - ==================================================
2025-11-16 21:04:31,410 - INFO - 💾 合并完成，文件已保存至: /Users/armewang/Downloads/123.xlsx
