2025-11-08 19:53:31,726 - INFO - ✅ 自营销售导出列表_日_20251104114909.xls - Sheet0 | 数据行数: 4 | 数据列数: 16 | 数值列数: 9 | 空值率: 6.25%
2025-11-08 19:53:31,741 - INFO - ✅ 门店销售明细11月.csv - 门店销售明细11月.csv | 数据行数: 441 | 数据列数: 14 | 数值列数: 7 | 空值率: 0.00%
2025-11-08 19:53:31,741 - INFO - ==================================================
2025-11-08 19:53:31,742 - INFO - 📋 列名映射报告
2025-11-08 19:53:31,751 - INFO - ==================================================
2025-11-08 19:53:31,759 - INFO - 
文件: 自营销售导出列表_日_20251104114909.xls-Sheet0
2025-11-08 19:53:31,767 - INFO -   ✓ 国条码 → 商品条码 [精确匹配]
2025-11-08 19:53:31,775 - INFO -   ✓ 销售数量 → 数量 [精确匹配]
2025-11-08 19:53:31,784 - INFO -   ✓ 含税销售金额/元 → 含税销售额/元 [精确匹配]
2025-11-08 19:53:31,792 - INFO - 
文件: 门店销售明细11月.csv-门店销售明细11月.csv
2025-11-08 19:53:31,800 - INFO -   ✓ 品牌名称 → 品牌 [精确匹配]
2025-11-08 19:53:31,809 - INFO -   ✓ 销售数量 → 数量 [精确匹配]
2025-11-08 19:53:31,817 - INFO -   ✓ 最终销售金额(销售金额+优惠券金额) → 含税销售额/元 [精确匹配]
2025-11-08 19:53:31,825 - INFO - 
⚠️  未映射的列（保持原列名）:
2025-11-08 19:53:31,834 - INFO -   • 供商卡号
2025-11-08 19:53:31,842 - INFO -   • 供商名称
2025-11-08 19:53:31,850 - INFO -   • 门店编码
2025-11-08 19:53:31,866 - INFO -   • 门店名称
2025-11-08 19:53:31,875 - INFO -   • 单位
2025-11-08 19:53:31,883 - INFO -   • 未税销售成本/元
2025-11-08 19:53:31,891 - INFO -   • 含税销售成本/元
2025-11-08 19:53:31,899 - INFO -   • 销售金额
2025-11-08 19:53:31,907 - INFO -   • 促销扣款
2025-11-08 19:53:31,915 - INFO -   • 优惠券金额
2025-11-08 19:53:31,924 - INFO - 
💡 提示: 如需统一这些列名，请在"列名映射配置"中添加相应规则
2025-11-08 19:53:31,932 - INFO - ==================================================
2025-11-08 19:53:31,958 - INFO - 📊 合并完成 | 总计 445 行 × 19 列
2025-11-08 19:53:31,961 - INFO - ==================================================
2025-11-08 19:53:31,968 - INFO - 📊 数据质量报告
2025-11-08 19:53:31,970 - INFO - ==================================================
2025-11-08 19:53:31,978 - INFO - 总行数: 445
2025-11-08 19:53:31,986 - INFO - 总列数: 19
2025-11-08 19:53:31,994 - INFO - 重复行数: 0
2025-11-08 19:53:32,002 - INFO - 
空值情况（仅显示空值率>0的列）:
2025-11-08 19:53:32,010 - INFO -   • 供商卡号: 441 行 (99.1%)
2025-11-08 19:53:32,018 - INFO -   • 供商名称: 441 行 (99.1%)
2025-11-08 19:53:32,026 - INFO -   • 品牌: 4 行 (0.9%)
2025-11-08 19:53:32,034 - INFO -   • 单位: 441 行 (99.1%)
2025-11-08 19:53:32,042 - INFO -   • 未税销售成本/元: 441 行 (99.1%)
2025-11-08 19:53:32,050 - INFO -   • 含税销售成本/元: 441 行 (99.1%)
2025-11-08 19:53:32,058 - INFO -   • 销售金额: 4 行 (0.9%)
2025-11-08 19:53:32,066 - INFO -   • 促销扣款: 4 行 (0.9%)
2025-11-08 19:53:32,074 - INFO -   • 优惠券金额: 4 行 (0.9%)
2025-11-08 19:53:32,082 - INFO - ==================================================
2025-11-08 19:53:32,141 - INFO - 💾 合并完成，文件已保存至: /Users/armewang/Downloads/12.xlsx
2025-11-08 19:54:09,166 - INFO - ✅ 自营销售导出列表_日_20251104114909.xls - Sheet0 | 数据行数: 4 | 数据列数: 16 | 数值列数: 9 | 空值率: 6.25%
2025-11-08 19:54:09,181 - INFO - ✅ 门店销售明细11月.csv - 门店销售明细11月.csv | 数据行数: 441 | 数据列数: 14 | 数值列数: 7 | 空值率: 0.00%
2025-11-08 19:54:09,183 - INFO - ==================================================
2025-11-08 19:54:09,183 - INFO - 📋 列名映射报告
2025-11-08 19:54:09,184 - INFO - ==================================================
2025-11-08 19:54:09,185 - INFO - 
文件: 自营销售导出列表_日_20251104114909.xls-Sheet0
2025-11-08 19:54:09,187 - INFO -   ✓ 国条码 → 商品条码 [精确匹配]
2025-11-08 19:54:09,196 - INFO -   ✓ 销售数量 → 数量 [精确匹配]
2025-11-08 19:54:09,205 - INFO -   ✓ 含税销售金额/元 → 含税销售额/元 [精确匹配]
2025-11-08 19:54:09,213 - INFO - 
文件: 门店销售明细11月.csv-门店销售明细11月.csv
2025-11-08 19:54:09,222 - INFO -   ✓ 品牌名称 → 品牌 [精确匹配]
2025-11-08 19:54:09,230 - INFO -   ✓ 销售数量 → 数量 [精确匹配]
2025-11-08 19:54:09,238 - INFO -   ✓ 最终销售金额(销售金额+优惠券金额) → 含税销售额/元 [精确匹配]
2025-11-08 19:54:09,246 - INFO - 
⚠️  未映射的列（保持原列名）:
2025-11-08 19:54:09,254 - INFO -   • 供商卡号
2025-11-08 19:54:09,262 - INFO -   • 供商名称
2025-11-08 19:54:09,270 - INFO -   • 门店编码
2025-11-08 19:54:09,271 - INFO -   • 门店名称
2025-11-08 19:54:09,279 - INFO -   • 单位
2025-11-08 19:54:09,301 - INFO -   • 未税销售成本/元
2025-11-08 19:54:09,310 - INFO -   • 含税销售成本/元
2025-11-08 19:54:09,318 - INFO -   • 销售金额
2025-11-08 19:54:09,326 - INFO -   • 促销扣款
2025-11-08 19:54:09,334 - INFO -   • 优惠券金额
2025-11-08 19:54:09,342 - INFO - 
💡 提示: 如需统一这些列名，请在"列名映射配置"中添加相应规则
2025-11-08 19:54:09,350 - INFO - ==================================================
2025-11-08 19:54:09,373 - INFO - 📊 合并完成 | 总计 445 行 × 19 列
2025-11-08 19:54:09,376 - INFO - ==================================================
2025-11-08 19:54:09,376 - INFO - 📊 数据质量报告
2025-11-08 19:54:09,384 - INFO - ==================================================
2025-11-08 19:54:09,392 - INFO - 总行数: 445
2025-11-08 19:54:09,400 - INFO - 总列数: 19
2025-11-08 19:54:09,408 - INFO - 重复行数: 0
2025-11-08 19:54:09,416 - INFO - 
空值情况（仅显示空值率>0的列）:
2025-11-08 19:54:09,424 - INFO -   • 供商卡号: 441 行 (99.1%)
2025-11-08 19:54:09,432 - INFO -   • 供商名称: 441 行 (99.1%)
2025-11-08 19:54:09,440 - INFO -   • 品牌: 4 行 (0.9%)
2025-11-08 19:54:09,448 - INFO -   • 单位: 441 行 (99.1%)
2025-11-08 19:54:09,456 - INFO -   • 未税销售成本/元: 441 行 (99.1%)
2025-11-08 19:54:09,464 - INFO -   • 含税销售成本/元: 441 行 (99.1%)
2025-11-08 19:54:09,472 - INFO -   • 销售金额: 4 行 (0.9%)
2025-11-08 19:54:09,480 - INFO -   • 促销扣款: 4 行 (0.9%)
2025-11-08 19:54:09,488 - INFO -   • 优惠券金额: 4 行 (0.9%)
2025-11-08 19:54:09,496 - INFO - ==================================================
2025-11-08 19:54:09,512 - INFO - 💾 合并完成，文件已保存至: /Users/armewang/Downloads/45.csv
